2025-07-01 14:57:16 [INFO]: Server running at http://localhost:3007
2025-07-01 14:57:30 [INFO]: Incoming request: GET /
2025-07-01 14:57:30 [INFO]: Hello, Node.js is running
2025-07-01 14:57:30 [INFO]: Completed request: GET / - Status: 200
2025-07-01 14:57:32 [INFO]: Incoming request: GET /favicon.ico
2025-07-01 14:57:32 [INFO]: Completed request: GET /favicon.ico - Status: 404
2025-07-01 14:57:53 [INFO]: Incoming request: GET /
2025-07-01 14:57:53 [INFO]: Hello, Node.js is running
2025-07-01 14:57:53 [INFO]: Completed request: GET / - Status: 304
2025-07-01 14:57:55 [INFO]: Incoming request: GET /favicon.ico
2025-07-01 14:57:55 [INFO]: Completed request: GET /favicon.ico - Status: 404
2025-07-01 15:00:21 [INFO]: Incoming request: GET /
2025-07-01 15:00:21 [INFO]: Hello, Node.js is running
2025-07-01 15:00:21 [INFO]: Completed request: GET / - Status: 200
2025-07-01 15:00:21 [INFO]: Incoming request: GET /favicon.ico
2025-07-01 15:00:21 [INFO]: Completed request: GET /favicon.ico - Status: 404
2025-07-01 15:00:30 [INFO]: Incoming request: GET /api-docs
2025-07-01 15:00:30 [INFO]: Completed request: GET / - Status: 301
2025-07-01 15:00:30 [INFO]: Incoming request: GET /api-docs/
2025-07-01 15:00:30 [INFO]: Completed request: GET / - Status: 200
2025-07-01 15:00:30 [INFO]: Incoming request: GET /api-docs/swagger-ui.css
2025-07-01 15:00:30 [INFO]: Incoming request: GET /api-docs/swagger-ui-bundle.js
2025-07-01 15:00:30 [INFO]: Incoming request: GET /api-docs/swagger-ui-standalone-preset.js
2025-07-01 15:00:30 [INFO]: Incoming request: GET /api-docs/swagger-ui-init.js
2025-07-01 15:00:30 [INFO]: Completed request: GET /swagger-ui-init.js - Status: 200
2025-07-01 15:00:30 [INFO]: Completed request: GET /swagger-ui.css - Status: 200
2025-07-01 15:00:30 [INFO]: Completed request: GET /swagger-ui-standalone-preset.js - Status: 200
2025-07-01 15:00:30 [INFO]: Completed request: GET /swagger-ui-bundle.js - Status: 200
2025-07-01 15:00:30 [INFO]: Incoming request: GET /api-docs/favicon-32x32.png
2025-07-01 15:00:30 [INFO]: Completed request: GET /favicon-32x32.png - Status: 200
2025-07-01 15:03:09 [INFO]: Incoming request: POST /api/v1/auth/send-otp
2025-07-01 15:03:10 [ERROR]: Error during request: POST /api/v1/auth/send-otp - "mobile" is not allowed to be empty
2025-07-01 15:03:10 [ERROR]: Error: "mobile" is not allowed to be empty
    at exports.sendOtp (C:\ecomm-api\modules\auth\controllers\auth.js:23:28)
    at Layer.handle [as handle_request] (C:\ecomm-api\node_modules\express\lib\router\layer.js:95:5)
    at next (C:\ecomm-api\node_modules\express\lib\router\route.js:149:13)
    at Route.dispatch (C:\ecomm-api\node_modules\express\lib\router\route.js:119:3)
    at Layer.handle [as handle_request] (C:\ecomm-api\node_modules\express\lib\router\layer.js:95:5)
    at C:\ecomm-api\node_modules\express\lib\router\index.js:284:15
    at Function.process_params (C:\ecomm-api\node_modules\express\lib\router\index.js:346:12)
    at next (C:\ecomm-api\node_modules\express\lib\router\index.js:280:10)
    at Function.handle (C:\ecomm-api\node_modules\express\lib\router\index.js:175:3)
    at router (C:\ecomm-api\node_modules\express\lib\router\index.js:47:12)
2025-07-01 15:03:10 [INFO]: Completed request: POST /api/v1/auth/send-otp - Status: 400
2025-07-01 16:02:18 [INFO]: Server running at http://localhost:3007
2025-07-01 16:02:20 [INFO]: Incoming request: GET /
2025-07-01 16:02:20 [INFO]: Hello, Node.js is running
2025-07-01 16:02:20 [INFO]: Completed request: GET / - Status: 304
2025-07-01 16:02:21 [INFO]: Incoming request: GET /favicon.ico
2025-07-01 16:02:21 [INFO]: Completed request: GET /favicon.ico - Status: 404
2025-07-01 16:20:29 [INFO]: Server running at http://localhost:3007
2025-07-01 16:20:31 [INFO]: Incoming request: GET /
2025-07-01 16:20:31 [INFO]: Hello, Node.js is running
2025-07-01 16:20:31 [INFO]: Completed request: GET / - Status: 304
2025-07-01 16:29:03 [ERROR]: module directory not found auth
2025-07-01 16:29:03 [ERROR]: module directory not found role
2025-07-01 16:29:03 [ERROR]: module directory not found permission
2025-07-01 16:29:03 [ERROR]: module directory not found category
2025-07-01 16:29:03 [ERROR]: module directory not found userDetail
2025-07-01 16:29:03 [INFO]: Server running at http://localhost:3007
2025-07-01 16:29:25 [ERROR]: module directory not found auth
2025-07-01 16:29:25 [ERROR]: module directory not found role
2025-07-01 16:29:25 [ERROR]: module directory not found permission
2025-07-01 16:29:25 [ERROR]: module directory not found category
2025-07-01 16:29:25 [ERROR]: module directory not found userDetail
2025-07-01 16:29:25 [INFO]: Server running at http://localhost:3007
2025-07-01 16:29:53 [ERROR]: module directory not found auth
2025-07-01 16:29:53 [ERROR]: module directory not found role
2025-07-01 16:29:53 [ERROR]: module directory not found permission
2025-07-01 16:29:53 [ERROR]: module directory not found category
2025-07-01 16:29:53 [ERROR]: module directory not found userDetail
2025-07-01 16:29:53 [INFO]: Server running at http://localhost:3007
2025-07-01 16:30:32 [ERROR]: module directory not found auth
2025-07-01 16:30:32 [ERROR]: module directory not found role
2025-07-01 16:30:32 [ERROR]: module directory not found permission
2025-07-01 16:30:32 [ERROR]: module directory not found category
2025-07-01 16:30:32 [ERROR]: module directory not found userDetail
2025-07-01 16:30:32 [INFO]: Server running at http://localhost:3007
2025-07-01 16:30:36 [INFO]: Incoming request: GET /
2025-07-01 16:30:36 [INFO]: Hello, Node.js is running
2025-07-01 16:30:36 [INFO]: Completed request: GET / - Status: 304
