2025-07-02 13:47:22 [WARN]: ⚠️ No valid routes found for auth
2025-07-02 13:47:22 [ERROR]: ❌ Module directory not found: role
2025-07-02 13:47:22 [ERROR]: ❌ Module directory not found: permission
2025-07-02 13:47:22 [ERROR]: ❌ Module directory not found: category
2025-07-02 13:47:22 [ERROR]: ❌ Module directory not found: userDetail
2025-07-02 14:28:43 [WARN]: ⚠️ No valid routes found for auth
2025-07-02 14:28:43 [ERROR]: ❌ Module directory not found: role
2025-07-02 14:28:43 [ERROR]: ❌ Module directory not found: permission
2025-07-02 14:28:43 [ERROR]: ❌ Module directory not found: category
2025-07-02 14:28:43 [ERROR]: ❌ Module directory not found: userDetail
2025-07-02 14:30:41 [WARN]: ⚠️ No valid routes found for auth
2025-07-02 14:30:41 [ERROR]: ❌ Module directory not found: role
2025-07-02 14:30:41 [ERROR]: ❌ Module directory not found: permission
2025-07-02 14:30:41 [ERROR]: ❌ Module directory not found: category
2025-07-02 14:30:41 [ERROR]: ❌ Module directory not found: userDetail
2025-07-02 14:35:47 [WARN]: ⚠️ No valid routes found for auth
2025-07-02 14:35:47 [ERROR]: ❌ Module directory not found: role
2025-07-02 14:35:47 [ERROR]: ❌ Module directory not found: permission
2025-07-02 14:35:47 [ERROR]: ❌ Module directory not found: category
2025-07-02 14:35:47 [ERROR]: ❌ Module directory not found: userDetail
2025-07-02 14:37:43 [WARN]: ⚠️ No valid routes found for auth
2025-07-02 14:37:43 [ERROR]: ❌ Module directory not found: role
2025-07-02 14:37:43 [ERROR]: ❌ Module directory not found: permission
2025-07-02 14:37:43 [ERROR]: ❌ Module directory not found: category
2025-07-02 14:37:43 [ERROR]: ❌ Module directory not found: userDetail
2025-07-02 15:28:06 [WARN]: ⚠️ No valid routes found for auth
2025-07-02 15:28:06 [WARN]: ⚠️ No valid routes found for customer
2025-07-02 15:28:06 [ERROR]: ❌ Module directory not found: product
2025-07-02 15:28:06 [ERROR]: ❌ Module directory not found: orders
2025-07-02 15:32:52 [WARN]: ⚠️ No valid routes found for auth
2025-07-02 15:32:52 [WARN]: ⚠️ No valid routes found for customer
2025-07-02 15:32:52 [ERROR]: ❌ Module directory not found: product
2025-07-02 15:32:52 [ERROR]: ❌ Module directory not found: orders
2025-07-02 15:38:43 [WARN]: ⚠️ No valid routes found for auth
2025-07-02 15:38:43 [WARN]: ⚠️ No valid routes found for customer
2025-07-02 15:38:43 [ERROR]: ❌ Module directory not found: product
2025-07-02 15:38:43 [ERROR]: ❌ Module directory not found: orders
2025-07-02 15:41:46 [WARN]: ⚠️ No valid routes found for auth
2025-07-02 15:41:46 [WARN]: ⚠️ No valid routes found for customer
2025-07-02 15:41:46 [ERROR]: ❌ Module directory not found: product
2025-07-02 15:41:46 [ERROR]: ❌ Module directory not found: orders
2025-07-02 15:48:28 [WARN]: ⚠️ No valid routes found for auth
2025-07-02 15:48:28 [WARN]: ⚠️ No valid routes found for customer
2025-07-02 15:48:28 [ERROR]: ❌ Module directory not found: product
2025-07-02 15:48:28 [ERROR]: ❌ Module directory not found: orders
2025-07-02 15:51:46 [WARN]: ⚠️ No valid routes found for auth
2025-07-02 15:51:46 [WARN]: ⚠️ No valid routes found for customer
2025-07-02 15:51:46 [ERROR]: ❌ Module directory not found: product
2025-07-02 15:51:46 [ERROR]: ❌ Module directory not found: orders
2025-07-02 15:53:56 [WARN]: ⚠️ No valid routes found for auth
2025-07-02 15:53:56 [WARN]: ⚠️ No valid routes found for customer
2025-07-02 15:53:56 [ERROR]: ❌ Module directory not found: product
2025-07-02 15:53:56 [ERROR]: ❌ Module directory not found: orders
2025-07-02 15:56:30 [WARN]: ⚠️ No valid routes found for auth
2025-07-02 15:56:30 [WARN]: ⚠️ No valid routes found for customer
2025-07-02 15:56:30 [ERROR]: ❌ Module directory not found: product
2025-07-02 15:56:30 [ERROR]: ❌ Module directory not found: orders
